#
# There is insufficient memory for the Java Runtime Environment to continue.
# Native memory allocation (malloc) failed to allocate 1048576 bytes for AllocateHeap
# Possible reasons:
#   The system is out of physical RAM or swap space
#   The process is running with CompressedOops enabled, and the Java Heap may be blocking the growth of the native heap
# Possible solutions:
#   Reduce memory load on the system
#   Increase physical memory or swap space
#   Check if swap backing store is full
#   Decrease Java heap size (-Xmx/-Xms)
#   Decrease number of Java threads
#   Decrease Java thread stack sizes (-Xss)
#   Set larger code cache with -XX:ReservedCodeCacheSize=
# This output file may be truncated or incomplete.
#
#  Out of Memory Error (./open/src/hotspot/share/memory/allocation.cpp:46), pid=16720, tid=16748
#
# JRE version:  (11.0.18+9) (build )
# Java VM: Java HotSpot(TM) 64-Bit Server VM (11.0.18+9-LTS-195, mixed mode, sharing, tiered, compressed oops, g1 gc, windows-amd64)
# No core dump will be written. Minidumps are not enabled by default on client versions of Windows
#

---------------  S U M M A R Y ------------

Command Line: -Xmx64m -Xms64m -Dorg.gradle.appname=gradlew org.gradle.wrapper.GradleWrapperMain app:assembleDebug -x lint -x test --configure-on-demand --build-cache -PreactNativeDevServerPort=8082

Host: Intel(R) Core(TM) i7-9750H CPU @ 2.60GHz, 12 cores, 7G,  Windows 10 , 64 bit Build 19041 (10.0.19041.2913)
Time: Sun May 14 20:51:36 2023  Windows 10 , 64 bit Build 19041 (10.0.19041.2913) elapsed time: 0.042012 seconds (0d 0h 0m 0s)

---------------  T H R E A D  ---------------

Current thread (0x000002d6aa402800):  JavaThread "Unknown thread" [_thread_in_vm, id=16748, stack(0x000000e5ce000000,0x000000e5ce100000)]

Stack: [0x000000e5ce000000,0x000000e5ce100000]
Native frames: (J=compiled Java code, j=interpreted, Vv=VM code, C=native code)
V  [jvm.dll+0x65d8aa]
V  [jvm.dll+0x79fc1f]
V  [jvm.dll+0x7a12e9]
V  [jvm.dll+0x7a1983]
V  [jvm.dll+0x2585b5]
V  [jvm.dll+0xb1244]
V  [jvm.dll+0x2f4af6]
V  [jvm.dll+0x2ee55d]
V  [jvm.dll+0x779257]
V  [jvm.dll+0x77ab3f]
V  [jvm.dll+0x36bb59]
V  [jvm.dll+0x75dd4f]
V  [jvm.dll+0x3dd5b7]
V  [jvm.dll+0x3df661]
C  [jli.dll+0x52e7]
C  [ucrtbase.dll+0x21bb2]
C  [KERNEL32.DLL+0x17614]
C  [ntdll.dll+0x526a1]


---------------  P R O C E S S  ---------------

Threads class SMR info:
_java_thread_list=0x000002d6aa1c21f0, length=0, elements={
}

Java Threads: ( => current thread )

Other Threads:
  0x000002d6aa41a000 GCTaskThread "GC Thread#0" [stack: 0x000000e5ce100000,0x000000e5ce200000] [id=24504]

[error occurred during error reporting (printing all threads), id 0xc0000005, EXCEPTION_ACCESS_VIOLATION (0xc0000005) at pc=0x00007ffe654faaa0]

VM state:not at safepoint (not fully initialized)

VM Mutex/Monitor currently owned by a thread:  ([mutex/lock_event])
[0x000002d6aa3fe5d0] Heap_lock - owner thread: 0x000002d6aa402800

Heap address: 0x00000000fc000000, size: 64 MB, Compressed Oops mode: Non-zero based: 0x00000000fc000000
Narrow klass base: 0x0000000000000000, Narrow klass shift: 0

GC Heap History (0 events):
No events

Deoptimization events (0 events):
No events

Classes redefined (0 events):
No events

Internal exceptions (0 events):
No events

Events (0 events):
No events


Dynamic libraries:
0x00007ff76efa0000 - 0x00007ff76efb0000 	D:\JDK\bin\java.exe
0x00007ffee4c10000 - 0x00007ffee4e08000 	C:\WINDOWS\SYSTEM32\ntdll.dll
0x00007ffee30a0000 - 0x00007ffee315f000 	C:\WINDOWS\System32\KERNEL32.DLL
0x00007ffee2720000 - 0x00007ffee2a16000 	C:\WINDOWS\System32\KERNELBASE.dll
0x00007ffee2a50000 - 0x00007ffee2b50000 	C:\WINDOWS\System32\ucrtbase.dll
0x00007ffec5810000 - 0x00007ffec5828000 	D:\JDK\bin\jli.dll
0x00007ffebf910000 - 0x00007ffebf92b000 	D:\JDK\bin\VCRUNTIME140.dll
0x00007ffee3430000 - 0x00007ffee34df000 	C:\WINDOWS\System32\ADVAPI32.dll
0x00007ffee46d0000 - 0x00007ffee476e000 	C:\WINDOWS\System32\msvcrt.dll
0x00007ffee3ea0000 - 0x00007ffee3f3c000 	C:\WINDOWS\System32\sechost.dll
0x00007ffee49d0000 - 0x00007ffee4af6000 	C:\WINDOWS\System32\RPCRT4.dll
0x00007ffee43c0000 - 0x00007ffee455d000 	C:\WINDOWS\System32\USER32.dll
0x00007ffee2a20000 - 0x00007ffee2a42000 	C:\WINDOWS\System32\win32u.dll
0x00007ffec5070000 - 0x00007ffec530a000 	C:\WINDOWS\WinSxS\amd64_microsoft.windows.common-controls_6595b64144ccf1df_6.0.19041.1110_none_60b5254171f9507e\COMCTL32.dll
0x00007ffee45c0000 - 0x00007ffee45ec000 	C:\WINDOWS\System32\GDI32.dll
0x00007ffee2340000 - 0x00007ffee2455000 	C:\WINDOWS\System32\gdi32full.dll
0x00007ffee2490000 - 0x00007ffee252d000 	C:\WINDOWS\System32\msvcp_win.dll
0x00007ffed8070000 - 0x00007ffed807a000 	C:\WINDOWS\SYSTEM32\VERSION.dll
0x00007ffee47e0000 - 0x00007ffee4810000 	C:\WINDOWS\System32\IMM32.DLL
0x00007ffed4970000 - 0x00007ffed497c000 	D:\JDK\bin\vcruntime140_1.dll
0x00007ffe86f70000 - 0x00007ffe86ffe000 	D:\JDK\bin\msvcp140.dll
0x00007ffe65200000 - 0x00007ffe65d68000 	D:\JDK\bin\server\jvm.dll
0x00007ffee4770000 - 0x00007ffee4778000 	C:\WINDOWS\System32\PSAPI.DLL
0x00007ffec57c0000 - 0x00007ffec57c9000 	C:\WINDOWS\SYSTEM32\WSOCK32.dll
0x00007ffeca470000 - 0x00007ffeca497000 	C:\WINDOWS\SYSTEM32\WINMM.dll
0x00007ffee2c70000 - 0x00007ffee2cdb000 	C:\WINDOWS\System32\WS2_32.dll
0x00007ffee0b40000 - 0x00007ffee0b52000 	C:\WINDOWS\SYSTEM32\kernel.appcore.dll
0x00007ffecd500000 - 0x00007ffecd510000 	D:\JDK\bin\verify.dll
0x00007ffee0030000 - 0x00007ffee0214000 	C:\WINDOWS\SYSTEM32\DBGHELP.DLL
0x00007ffecf3e0000 - 0x00007ffecf414000 	C:\WINDOWS\SYSTEM32\dbgcore.DLL
0x00007ffee2530000 - 0x00007ffee25b2000 	C:\WINDOWS\System32\bcryptPrimitives.dll
0x00007ffeba590000 - 0x00007ffeba5b8000 	D:\JDK\bin\java.dll
0x00007ffec71d0000 - 0x00007ffec71da000 	D:\JDK\bin\jimage.dll
0x00007ffebafb0000 - 0x00007ffebafc7000 	D:\JDK\bin\zip.dll

dbghelp: loaded successfully - version: 4.0.5 - missing functions: none
symbol engine: initialized successfully - sym options: 0x614 - pdb path: .;D:\JDK\bin;C:\WINDOWS\SYSTEM32;C:\WINDOWS\WinSxS\amd64_microsoft.windows.common-controls_6595b64144ccf1df_6.0.19041.1110_none_60b5254171f9507e;D:\JDK\bin\server

VM Arguments:
jvm_args: -Xmx64m -Xms64m -Dorg.gradle.appname=gradlew 
java_command: org.gradle.wrapper.GradleWrapperMain app:assembleDebug -x lint -x test --configure-on-demand --build-cache -PreactNativeDevServerPort=8082
java_class_path (initial): D:\museumx\android\\gradle\wrapper\gradle-wrapper.jar
Launcher Type: SUN_STANDARD

[Global flags]
     intx CICompilerCount                          = 4                                         {product} {ergonomic}
     uint ConcGCThreads                            = 3                                         {product} {ergonomic}
     uint G1ConcRefinementThreads                  = 10                                        {product} {ergonomic}
   size_t G1HeapRegionSize                         = 1048576                                   {product} {ergonomic}
    uintx GCDrainStackTargetSize                   = 64                                        {product} {ergonomic}
   size_t InitialHeapSize                          = 67108864                                  {product} {command line}
   size_t MarkStackSize                            = 4194304                                   {product} {ergonomic}
   size_t MaxHeapSize                              = 67108864                                  {product} {command line}
   size_t MinHeapDeltaBytes                        = 1048576                                   {product} {ergonomic}
    uintx NonNMethodCodeHeapSize                   = 5836300                                {pd product} {ergonomic}
    uintx NonProfiledCodeHeapSize                  = 122910970                              {pd product} {ergonomic}
    uintx ProfiledCodeHeapSize                     = 122910970                              {pd product} {ergonomic}
    uintx ReservedCodeCacheSize                    = 251658240                              {pd product} {ergonomic}
     bool SegmentedCodeCache                       = true                                      {product} {ergonomic}
     bool UseCompressedClassPointers               = true                                 {lp64_product} {ergonomic}
     bool UseCompressedOops                        = true                                 {lp64_product} {ergonomic}
     bool UseG1GC                                  = true                                      {product} {ergonomic}
     bool UseLargePagesIndividualAllocation        = false                                  {pd product} {ergonomic}

Logging:
Log output configuration:
 #0: stdout all=warning uptime,level,tags
 #1: stderr all=off uptime,level,tags

Environment Variables:
JAVA_HOME=D:\JDK
CLASSPATH=D:\museumx\android\\gradle\wrapper\gradle-wrapper.jar
PATH=D:\museumx\node_modules\.bin;D:\museumx\node_modules\.bin;D:\node_modules\.bin;E:\Node.js\node\node_modules\npm\node_modules\@npmcli\run-script\lib\node-gyp-bin;D:\JDK\bin;D:\JDK\jre\bin;C:\Program Files\Common Files\Oracle\Java\javapath;C:\Program Files\dotnet\;C:\windows\system32;C:\WINDOWS\system32;C:\WINDOWS;C:\WINDOWS\System32\Wbem;C:\WINDOWS\System32\WindowsPowerShell\v1.0\;C:\WINDOWS\System32\OpenSSH\;C:\Windows\system32;C:\Windows;C:\Windows\System32\Wbem;C:\Windows\System32\WindowsPowerShell\v1.0\;C:\Windows\System32\OpenSSH\;C:\Program Files\Microsoft SQL Server\Client SDK\ODBC\170\Tools\Binn\;C:\Program Files\Azure Data Studio\bin;E:\MySQL\bin£ªC:\Windows\System32;;:\œ¬‘ÿ\£ªE:\AndroidSDK\platform-tools£ªE:\AndroidSDK\emulator£ªE:\AndroidSDK\tools£ªE:\AndroidSDK\tools\bin;E:\Node.js\node\;E:\Git\Git\cmd;E:\AndroidSDK\platform-tools;C:\Users\1121\AppData\Local\Programs\Python\Python38\Scripts\;C:\Users\1121\AppData\Local\Programs\Python\Python38\;D:\Scripts\;C:\Users\1121\AppData\Local\Microsoft\WindowsApps;D:\soft\source\VScode\Microsoft VS Code\bin;C:\Users\1121\AppData\Roaming\npm;D:\mingw\mingw64\bin
USERNAME=1121
OS=Windows_NT
PROCESSOR_IDENTIFIER=Intel64 Family 6 Model 158 Stepping 10, GenuineIntel



---------------  S Y S T E M  ---------------

OS: Windows 10 , 64 bit Build 19041 (10.0.19041.2913)

CPU:total 12 (initial active 12) (6 cores per cpu, 2 threads per core) family 6 model 158 stepping 10 microcode 0xde, cmov, cx8, fxsr, mmx, sse, sse2, sse3, ssse3, sse4.1, sse4.2, popcnt, avx, avx2, aes, clmul, erms, 3dnowpref, lzcnt, ht, tsc, tscinvbit, bmi1, bmi2, adx, fma

Memory: 4k page, system-wide physical 7972M (349M free)
TotalPageFile size 20498M (AvailPageFile size 5M)
current process WorkingSet (physical memory assigned to process): 10M, peak: 10M
current process commit charge ("private bytes"): 57M, peak: 58M

vm_info: Java HotSpot(TM) 64-Bit Server VM (11.0.18+9-LTS-195) for windows-amd64 JRE (11.0.18+9-LTS-195), built on Dec  6 2022 15:50:58 by "mach5one" with MS VC++ 17.1 (VS2022)

END.
